<?xml version="1.0" encoding="UTF-8"?><testsuite errors="1" failures="0" name="Register on the website" skipped="0" tests="1" time="33.18" timestamp="2021-09-07 03:37:37"><testcase name=": New user who is not registered"><error message="Arity mismatch: Step Definition 'uTestRegister.stepdefinitions.uTestRegisterStepDefinitions.itIsRegisteredOnTheWeb(String) in file:/C:/Users/dguevarag/Documents/Proyecto%20automatizacion/uTestRegister/build/classes/java/test/' with pattern [^it is registered on the web$] is declared with 1 parameters. However, the gherkin step has 0 arguments []. &#10;Step text: it is registered on the web" type="cucumber.runtime.CucumberException">Arity mismatch: Step Definition 'uTestRegister.stepdefinitions.uTestRegisterStepDefinitions.itIsRegisteredOnTheWeb(String) in file:/C:/Users/dguevarag/Documents/Proyecto%20automatizacion/uTestRegister/build/classes/java/test/' with pattern [^it is registered on the web$] is declared with 1 parameters. However, the gherkin step has 0 arguments []. 
Step text: it is registered on the web</error><system-err>Arity mismatch: Step Definition 'uTestRegister.stepdefinitions.uTestRegisterStepDefinitions.itIsRegisteredOnTheWeb(String) in file:/C:/Users/dguevarag/Documents/Proyecto%20automatizacion/uTestRegister/build/classes/java/test/' with pattern [^it is registered on the web$] is declared with 1 parameters. However, the gherkin step has 0 arguments []. 
Step text: it is registered on the web&#13;
cucumber.runner.Runner.runPickle(Runner.java:80)&#13;
</system-err></testcase></testsuite>